  Main.cpp
  math_utils.cpp
  ui.cpp
  errors.cpp
  landing_zone.cpp
  monte_carlo.cpp
  ground_track.cpp
\src\core\math_utils.cpp(1,1): error C1083: Impossible d'ouvrir le fichier source : 'src\core\math_utils.cpp' : No such file or directory
  (compiler le fichier source '/src/core/math_utils.cpp')
  
\src\core\ui.cpp(1,1): error C1083: Impossible d'ouvrir le fichier source : 'src\core\ui.cpp' : No such file or directory
  (compiler le fichier source '/src/core/ui.cpp')
  
\src\dispersions\errors.cpp(1,1): error C1083: Impossible d'ouvrir le fichier source : 'src\dispersions\errors.cpp' : No such file or directory
  (compiler le fichier source '/src/dispersions/errors.cpp')
  
\src\dispersions\landing_zone.cpp(1,1): error C1083: Impossible d'ouvrir le fichier source : 'src\dispersions\landing_zone.cpp' : No such file or directory
  (compiler le fichier source '/src/dispersions/landing_zone.cpp')
  
\src\dispersions\monte_carlo.cpp(1,1): error C1083: Impossible d'ouvrir le fichier source : 'src\dispersions\monte_carlo.cpp' : No such file or directory
  (compiler le fichier source '/src/dispersions/monte_carlo.cpp')
  
\src\mission\ground_track.cpp(1,1): error C1083: Impossible d'ouvrir le fichier source : 'src\mission\ground_track.cpp' : No such file or directory
  (compiler le fichier source '/src/mission/ground_track.cpp')
  
  maneuver.cpp
\src\mission\maneuver.cpp(1,1): error C1083: Impossible d'ouvrir le fichier source : 'src\mission\maneuver.cpp' : No such file or directory
  (compiler le fichier source '/src/mission/maneuver.cpp')
  
  affichage.cpp
  camera.cpp
\src\rendering\camera.cpp(1,1): error C1083: Impossible d'ouvrir le fichier source : 'src\rendering\camera.cpp' : No such file or directory
  (compiler le fichier source '/src/rendering/camera.cpp')
  
  renderer.cpp
\src\rendering\renderer.cpp(1,1): error C1083: Impossible d'ouvrir le fichier source : 'src\rendering\renderer.cpp' : No such file or directory
  (compiler le fichier source '/src/rendering/renderer.cpp')
  
  atmosphere.cpp
\src\simulation\atmosphere.cpp(1,1): error C1083: Impossible d'ouvrir le fichier source : 'src\simulation\atmosphere.cpp' : No such file or directory
  (compiler le fichier source '/src/simulation/atmosphere.cpp')
  
  orbit.cpp
\src\simulation\orbit.cpp(1,1): error C1083: Impossible d'ouvrir le fichier source : 'src\simulation\orbit.cpp' : No such file or directory
  (compiler le fichier source '/src/simulation/orbit.cpp')
  
  physics.cpp
\src\simulation\physics.cpp(1,1): error C1083: Impossible d'ouvrir le fichier source : 'src\simulation\physics.cpp' : No such file or directory
  (compiler le fichier source '/src/simulation/physics.cpp')
  
  vehicle.cpp
\src\simulation\vehicle.cpp(1,1): error C1083: Impossible d'ouvrir le fichier source : 'src\simulation\vehicle.cpp' : No such file or directory
  (compiler le fichier source '/src/simulation/vehicle.cpp')
  
  Génération de code en cours...
